2020-04-15 22:21:16,244 [INFO] Activator:176 - 


2020-04-15 22:21:16,250 [INFO] Activator:177 - !SESSION log4j initialized
2020-04-15 22:21:53,274 [INFO] ApplicationProperties:181 - Using Application install path: C:\ST\STM32CubeIDE_1.2.0\STM32CubeIDE\plugins\com.st.stm32cube.common.mx_5.6.1.202004052303
2020-04-15 22:21:53,296 [INFO] DbMcusXml:72 - Set database path to: C:\ST\STM32CubeIDE_1.2.0\STM32CubeIDE\plugins\com.st.stm32cube.common.mx_5.6.1.202004052303\\db\/mcu/
2020-04-15 22:21:53,303 [INFO] DbBoardsPdsc:54 - Set plugin database path to: C:\ST\STM32CubeIDE_1.2.0\STM32CubeIDE\plugins\com.st.stm32cube.common.mx_5.6.1.202004052303\\db\/plugins/boardmanager/
2020-04-15 22:21:53,304 [INFO] DbMcus:235 - Set plugin images path to: C:\ST\STM32CubeIDE_1.2.0\STM32CubeIDE\plugins\com.st.stm32cube.common.mx_5.6.1.202004052303\\db\/plugins/mcufinder/images/
2020-04-15 22:21:53,305 [INFO] DbBoards:232 - Set plugin images path to: C:\ST\STM32CubeIDE_1.2.0\STM32CubeIDE\plugins\com.st.stm32cube.common.mx_5.6.1.202004052303\\db\/plugins/mcufinder/images/
2020-04-15 22:21:53,316 [INFO] DbMcusAds:85 - Set database path to: C:\Users\nikod\.stmcufinder\plugins\mcufinder//mcu/
2020-04-15 22:21:53,318 [INFO] DbMcusDocs:108 - Set database path to: C:\Users\nikod\.stmcufinder\plugins\mcufinder//mcu/
2020-04-15 22:21:53,322 [INFO] DbMcusJson:61 - Set database path to: C:\Users\nikod\.stmcufinder\plugins\mcufinder//mcu/
2020-04-15 22:21:53,323 [INFO] DbBoardsDocs:97 - Set database path to: C:\Users\nikod\.stmcufinder\plugins\mcufinder//mcu/
2020-04-15 22:21:53,326 [INFO] DbBoardsJson:51 - Set database path to: C:\Users\nikod\.stmcufinder\plugins\mcufinder//mcu/
2020-04-15 22:21:53,693 [INFO] CrossReferenceDbSqlite:197 - Set database path to: C:\Users\nikod\.stmcufinder\plugins\mcufinder//mcu/cs/
2020-04-15 22:21:53,901 [INFO] RulesReader:52 - Compatibility file has been processed (208 Rules)
2020-04-15 22:21:54,087 [INFO] MicroXplorer:570 - Detected Java Version = 1.8.0_202
2020-04-15 22:21:54,087 [INFO] DbMcusXml:72 - Set database path to: C:\ST\STM32CubeIDE_1.2.0\STM32CubeIDE\plugins\com.st.stm32cube.common.mx_5.6.1.202004052303\\db\/mcu/
2020-04-15 22:21:54,088 [INFO] DbBoardsPdsc:54 - Set plugin database path to: C:\ST\STM32CubeIDE_1.2.0\STM32CubeIDE\plugins\com.st.stm32cube.common.mx_5.6.1.202004052303\\db\/plugins/boardmanager/
2020-04-15 22:21:54,088 [INFO] DbMcus:235 - Set plugin images path to: C:\ST\STM32CubeIDE_1.2.0\STM32CubeIDE\plugins\com.st.stm32cube.common.mx_5.6.1.202004052303\\db\/plugins/mcufinder/images/
2020-04-15 22:21:54,090 [INFO] DbBoards:232 - Set plugin images path to: C:\ST\STM32CubeIDE_1.2.0\STM32CubeIDE\plugins\com.st.stm32cube.common.mx_5.6.1.202004052303\\db\/plugins/mcufinder/images/
2020-04-15 22:21:54,091 [WARN] DbFile:36 - Overriding database path with different value: C:\Users\nikod\.stmcufinder\plugins\mcufinder/ => C:\Users\nikod\.stmcufinder\plugins\mcufinder
2020-04-15 22:21:54,091 [INFO] DbMcusAds:85 - Set database path to: C:\Users\nikod\.stmcufinder\plugins\mcufinder//mcu/
2020-04-15 22:21:54,091 [WARN] DbFile:36 - Overriding database path with different value: C:\Users\nikod\.stmcufinder\plugins\mcufinder/ => C:\Users\nikod\.stmcufinder\plugins\mcufinder
2020-04-15 22:21:54,091 [INFO] DbMcusDocs:108 - Set database path to: C:\Users\nikod\.stmcufinder\plugins\mcufinder//mcu/
2020-04-15 22:21:54,092 [WARN] DbFile:36 - Overriding database path with different value: C:\Users\nikod\.stmcufinder\plugins\mcufinder/ => C:\Users\nikod\.stmcufinder\plugins\mcufinder
2020-04-15 22:21:54,092 [INFO] DbMcusJson:61 - Set database path to: C:\Users\nikod\.stmcufinder\plugins\mcufinder//mcu/
2020-04-15 22:21:54,092 [WARN] DbFile:36 - Overriding database path with different value: C:\Users\nikod\.stmcufinder\plugins\mcufinder/ => C:\Users\nikod\.stmcufinder\plugins\mcufinder
2020-04-15 22:21:54,092 [INFO] DbBoardsDocs:97 - Set database path to: C:\Users\nikod\.stmcufinder\plugins\mcufinder//mcu/
2020-04-15 22:21:54,093 [WARN] DbFile:36 - Overriding database path with different value: C:\Users\nikod\.stmcufinder\plugins\mcufinder/ => C:\Users\nikod\.stmcufinder\plugins\mcufinder
2020-04-15 22:21:54,093 [INFO] DbBoardsJson:51 - Set database path to: C:\Users\nikod\.stmcufinder\plugins\mcufinder//mcu/
2020-04-15 22:21:54,094 [WARN] DbFile:36 - Overriding database path with different value: C:\Users\nikod\.stmcufinder\plugins\mcufinder/ => C:\Users\nikod\.stmcufinder\plugins\mcufinder
2020-04-15 22:21:54,094 [WARN] DbFile:36 - Overriding database path with different value: C:\Users\nikod\.stmcufinder\plugins\mcufinder/ => C:\Users\nikod\.stmcufinder\plugins\mcufinder
2020-04-15 22:21:54,094 [INFO] CrossReferenceDbSqlite:197 - Set database path to: C:\Users\nikod\.stmcufinder\plugins\mcufinder//mcu/cs/
2020-04-15 22:21:54,228 [INFO] MainPanel:181 - HeapMemory: 287309824
2020-04-15 22:21:54,341 [INFO] DbMcusXml:72 - Set database path to: C:\ST\STM32CubeIDE_1.2.0\STM32CubeIDE\plugins\com.st.stm32cube.common.mx_5.6.1.202004052303\\db\/mcu/
2020-04-15 22:21:54,341 [INFO] DbBoardsPdsc:54 - Set plugin database path to: C:\ST\STM32CubeIDE_1.2.0\STM32CubeIDE\plugins\com.st.stm32cube.common.mx_5.6.1.202004052303\\db\/plugins/boardmanager/
2020-04-15 22:21:54,342 [INFO] DbMcus:235 - Set plugin images path to: C:\ST\STM32CubeIDE_1.2.0\STM32CubeIDE\plugins\com.st.stm32cube.common.mx_5.6.1.202004052303\\db\/plugins/mcufinder/images/
2020-04-15 22:21:54,342 [INFO] DbBoards:232 - Set plugin images path to: C:\ST\STM32CubeIDE_1.2.0\STM32CubeIDE\plugins\com.st.stm32cube.common.mx_5.6.1.202004052303\\db\/plugins/mcufinder/images/
2020-04-15 22:21:54,343 [WARN] DbFile:36 - Overriding database path with different value: C:\Users\nikod\.stmcufinder\plugins\mcufinder/ => C:\Users\nikod\.stmcufinder\plugins\mcufinder
2020-04-15 22:21:54,344 [INFO] DbMcusAds:85 - Set database path to: C:\Users\nikod\.stmcufinder\plugins\mcufinder//mcu/
2020-04-15 22:21:54,344 [WARN] DbFile:36 - Overriding database path with different value: C:\Users\nikod\.stmcufinder\plugins\mcufinder/ => C:\Users\nikod\.stmcufinder\plugins\mcufinder
2020-04-15 22:21:54,345 [INFO] DbMcusDocs:108 - Set database path to: C:\Users\nikod\.stmcufinder\plugins\mcufinder//mcu/
2020-04-15 22:21:54,345 [WARN] DbFile:36 - Overriding database path with different value: C:\Users\nikod\.stmcufinder\plugins\mcufinder/ => C:\Users\nikod\.stmcufinder\plugins\mcufinder
2020-04-15 22:21:54,345 [INFO] DbMcusJson:61 - Set database path to: C:\Users\nikod\.stmcufinder\plugins\mcufinder//mcu/
2020-04-15 22:21:54,345 [WARN] DbFile:36 - Overriding database path with different value: C:\Users\nikod\.stmcufinder\plugins\mcufinder/ => C:\Users\nikod\.stmcufinder\plugins\mcufinder
2020-04-15 22:21:54,346 [INFO] DbBoardsDocs:97 - Set database path to: C:\Users\nikod\.stmcufinder\plugins\mcufinder//mcu/
2020-04-15 22:21:54,346 [WARN] DbFile:36 - Overriding database path with different value: C:\Users\nikod\.stmcufinder\plugins\mcufinder/ => C:\Users\nikod\.stmcufinder\plugins\mcufinder
2020-04-15 22:21:54,346 [INFO] DbBoardsJson:51 - Set database path to: C:\Users\nikod\.stmcufinder\plugins\mcufinder//mcu/
2020-04-15 22:21:54,346 [WARN] DbFile:36 - Overriding database path with different value: C:\Users\nikod\.stmcufinder\plugins\mcufinder/ => C:\Users\nikod\.stmcufinder\plugins\mcufinder
2020-04-15 22:21:54,347 [WARN] DbFile:36 - Overriding database path with different value: C:\Users\nikod\.stmcufinder\plugins\mcufinder/ => C:\Users\nikod\.stmcufinder\plugins\mcufinder
2020-04-15 22:21:54,347 [INFO] CrossReferenceDbSqlite:197 - Set database path to: C:\Users\nikod\.stmcufinder\plugins\mcufinder//mcu/cs/
2020-04-15 22:21:54,385 [INFO] ApplicationProperties:181 - Using Application install path: C:\ST\STM32CubeIDE_1.2.0\STM32CubeIDE\plugins\com.st.stm32cube.common.mx_5.6.1.202004052303
2020-04-15 22:21:54,388 [INFO] PluginManage:178 - Search for loadable plugins [exclusion list=, tutovideos]
2020-04-15 22:21:54,391 [INFO] PluginManage:292 - Check plugin analytics
2020-04-15 22:21:54,401 [INFO] PluginManage:342 - Loaded plugin analytics (category:tool,tabindex:-1)
2020-04-15 22:21:54,401 [INFO] PluginManage:292 - Check plugin clock
2020-04-15 22:21:54,422 [INFO] PluginManage:342 - Loaded plugin clock (category:base,tabindex:2)
2020-04-15 22:21:54,422 [INFO] PluginManage:292 - Check plugin ddr
2020-04-15 22:21:54,426 [INFO] PluginManage:342 - Loaded plugin ddr (category:tool,tabindex:6)
2020-04-15 22:21:54,427 [INFO] PluginManage:292 - Check plugin filemanager
2020-04-15 22:21:54,636 [INFO] PluginManage:342 - Loaded plugin filemanager (category:base,tabindex:10)
2020-04-15 22:21:54,636 [INFO] PluginManage:292 - Check plugin ipmanager
2020-04-15 22:21:54,658 [INFO] PluginManage:342 - Loaded plugin ipmanager (category:base,tabindex:5)
2020-04-15 22:21:54,658 [INFO] PluginManage:292 - Check plugin pinoutandconfiguration
2020-04-15 22:21:54,677 [INFO] PluginManage:342 - Loaded plugin pinoutandconfiguration (category:base,tabindex:1)
2020-04-15 22:21:54,677 [INFO] PluginManage:292 - Check plugin pinoutconfig
2020-04-15 22:21:54,735 [INFO] PluginManage:342 - Loaded plugin pinoutconfig (category:base,tabindex:0)
2020-04-15 22:21:54,735 [INFO] PluginManage:292 - Check plugin power
2020-04-15 22:21:54,755 [INFO] PluginManage:342 - Loaded plugin power (category:power,tabindex:4)
2020-04-15 22:21:54,756 [INFO] PluginManage:292 - Check plugin projectmanager
2020-04-15 22:21:54,788 [INFO] PluginManage:342 - Loaded plugin projectmanager (category:projectmanager,tabindex:3)
2020-04-15 22:21:54,789 [INFO] PluginManage:292 - Check plugin thirdparty
2020-04-15 22:21:54,933 [INFO] ThirdPartyDb:295 - Open Third Party DataBase File (C:/Users/nikod/.stm32cubemx/plugins/thirdparty/db/thirdparties_db.xml) : 86 ms. number of Sw pack : 16
2020-04-15 22:21:54,965 [INFO] PluginManage:342 - Loaded plugin thirdparty (category:base,tabindex:-1)
2020-04-15 22:21:54,966 [INFO] PluginManage:292 - Check plugin tools
2020-04-15 22:21:54,970 [INFO] PluginManage:342 - Loaded plugin tools (category:base,tabindex:7)
2020-04-15 22:21:54,971 [INFO] PluginManage:292 - Check plugin tutovideos
2020-04-15 22:21:54,971 [INFO] PluginManage:347 - Ignore plugin tutovideos (category:base)
2020-04-15 22:21:54,972 [INFO] PluginManage:292 - Check plugin updater
2020-04-15 22:21:54,992 [INFO] PluginManage:342 - Loaded plugin updater (category:base,tabindex:12)
2020-04-15 22:21:54,993 [INFO] PluginManage:265 - PluginManage : Loaded plugins [12]
2020-04-15 22:21:55,344 [INFO] PinOutPanel:1420 - setPackage(No Configuration,No Configuration)
2020-04-15 22:21:55,535 [INFO] IPUIPlugin:65 - create IPUIPlugin
2020-04-15 22:21:55,535 [INFO] PluginManager:200 - loadIPPluginJar : add adc
2020-04-15 22:21:55,540 [INFO] IPUIPlugin:65 - create IPUIPlugin
2020-04-15 22:21:55,541 [INFO] PluginManager:200 - loadIPPluginJar : add aes
2020-04-15 22:21:55,546 [INFO] IPUIPlugin:65 - create IPUIPlugin
2020-04-15 22:21:55,547 [INFO] PluginManager:200 - loadIPPluginJar : add can
2020-04-15 22:21:55,550 [INFO] IPUIPlugin:65 - create IPUIPlugin
2020-04-15 22:21:55,550 [INFO] PluginManager:200 - loadIPPluginJar : add comp
2020-04-15 22:21:55,555 [INFO] IPUIPlugin:65 - create IPUIPlugin
2020-04-15 22:21:55,555 [INFO] PluginManager:200 - loadIPPluginJar : add cryp
2020-04-15 22:21:55,560 [INFO] IPUIPlugin:65 - create IPUIPlugin
2020-04-15 22:21:55,560 [INFO] PluginManager:200 - loadIPPluginJar : add dfsdm
2020-04-15 22:21:55,570 [INFO] IPUIPlugin:65 - create IPUIPlugin
2020-04-15 22:21:55,571 [INFO] PluginManager:200 - loadIPPluginJar : add dma
2020-04-15 22:21:55,574 [INFO] IPUIPlugin:65 - create IPUIPlugin
2020-04-15 22:21:55,575 [INFO] PluginManager:200 - loadIPPluginJar : add fatfs
2020-04-15 22:21:55,582 [INFO] IPUIPlugin:65 - create IPUIPlugin
2020-04-15 22:21:55,583 [INFO] PluginManager:200 - loadIPPluginJar : add fmc
2020-04-15 22:21:55,593 [INFO] IPUIPlugin:65 - create IPUIPlugin
2020-04-15 22:21:55,594 [INFO] PluginManager:200 - loadIPPluginJar : add freertos
2020-04-15 22:21:55,597 [INFO] IPUIPlugin:65 - create IPUIPlugin
2020-04-15 22:21:55,597 [INFO] PluginManager:200 - loadIPPluginJar : add genericplugin
2020-04-15 22:21:55,601 [INFO] IPUIPlugin:65 - create IPUIPlugin
2020-04-15 22:21:55,602 [INFO] PluginManager:200 - loadIPPluginJar : add gfxmmu
2020-04-15 22:21:55,612 [INFO] IPUIPlugin:65 - create IPUIPlugin
2020-04-15 22:21:55,613 [INFO] PluginManager:200 - loadIPPluginJar : add gic
2020-04-15 22:21:55,620 [INFO] IPUIPlugin:65 - create IPUIPlugin
2020-04-15 22:21:55,620 [INFO] PluginManager:200 - loadIPPluginJar : add gpio
2020-04-15 22:21:55,625 [INFO] IPUIPlugin:65 - create IPUIPlugin
2020-04-15 22:21:55,625 [INFO] PluginManager:200 - loadIPPluginJar : add gtzc
2020-04-15 22:21:55,629 [INFO] IPUIPlugin:65 - create IPUIPlugin
2020-04-15 22:21:55,630 [INFO] PluginManager:200 - loadIPPluginJar : add hash
2020-04-15 22:21:55,635 [INFO] IPUIPlugin:65 - create IPUIPlugin
2020-04-15 22:21:55,635 [INFO] PluginManager:200 - loadIPPluginJar : add i2c
2020-04-15 22:21:55,640 [INFO] IPUIPlugin:65 - create IPUIPlugin
2020-04-15 22:21:55,640 [INFO] PluginManager:200 - loadIPPluginJar : add i2s
2020-04-15 22:21:55,645 [INFO] IPUIPlugin:65 - create IPUIPlugin
2020-04-15 22:21:55,646 [INFO] PluginManager:200 - loadIPPluginJar : add ipddr
2020-04-15 22:21:55,649 [INFO] IPUIPlugin:65 - create IPUIPlugin
2020-04-15 22:21:55,649 [INFO] PluginManager:200 - loadIPPluginJar : add ltdc
2020-04-15 22:21:55,655 [INFO] IPUIPlugin:65 - create IPUIPlugin
2020-04-15 22:21:55,656 [INFO] PluginManager:200 - loadIPPluginJar : add mdma
2020-04-15 22:21:55,662 [INFO] IPUIPlugin:65 - create IPUIPlugin
2020-04-15 22:21:55,662 [INFO] PluginManager:200 - loadIPPluginJar : add nvic
2020-04-15 22:21:55,667 [INFO] IPUIPlugin:65 - create IPUIPlugin
2020-04-15 22:21:55,668 [INFO] PluginManager:200 - loadIPPluginJar : add opamp
2020-04-15 22:21:55,673 [INFO] IPUIPlugin:65 - create IPUIPlugin
2020-04-15 22:21:55,673 [INFO] PluginManager:200 - loadIPPluginJar : add pdm2pcm
2020-04-15 22:21:55,685 [INFO] IPUIPlugin:65 - create IPUIPlugin
2020-04-15 22:21:55,691 [INFO] PluginManager:200 - loadIPPluginJar : add plateformsettings
2020-04-15 22:21:55,694 [INFO] IPUIPlugin:65 - create IPUIPlugin
2020-04-15 22:21:55,694 [INFO] PluginManager:200 - loadIPPluginJar : add quadspi
2020-04-15 22:21:55,701 [INFO] IPUIPlugin:65 - create IPUIPlugin
2020-04-15 22:21:55,701 [INFO] PluginManager:200 - loadIPPluginJar : add resmgrutility
2020-04-15 22:21:55,707 [INFO] IPUIPlugin:65 - create IPUIPlugin
2020-04-15 22:21:55,707 [INFO] PluginManager:200 - loadIPPluginJar : add sai
2020-04-15 22:21:55,712 [INFO] IPUIPlugin:65 - create IPUIPlugin
2020-04-15 22:21:55,712 [INFO] PluginManager:200 - loadIPPluginJar : add spi
2020-04-15 22:21:55,719 [INFO] IPUIPlugin:65 - create IPUIPlugin
2020-04-15 22:21:55,720 [INFO] PluginManager:200 - loadIPPluginJar : add stm32_wpan
2020-04-15 22:21:55,723 [INFO] IPUIPlugin:65 - create IPUIPlugin
2020-04-15 22:21:55,723 [INFO] PluginManager:200 - loadIPPluginJar : add tim
2020-04-15 22:21:55,729 [INFO] IPUIPlugin:65 - create IPUIPlugin
2020-04-15 22:21:55,730 [INFO] PluginManager:200 - loadIPPluginJar : add touchsensing
2020-04-15 22:21:55,733 [INFO] IPUIPlugin:65 - create IPUIPlugin
2020-04-15 22:21:55,733 [INFO] PluginManager:200 - loadIPPluginJar : add tracer_emb
2020-04-15 22:21:55,737 [INFO] IPUIPlugin:65 - create IPUIPlugin
2020-04-15 22:21:55,738 [INFO] PluginManager:200 - loadIPPluginJar : add ts
2020-04-15 22:21:55,741 [INFO] IPUIPlugin:65 - create IPUIPlugin
2020-04-15 22:21:55,741 [INFO] PluginManager:200 - loadIPPluginJar : add tsc
2020-04-15 22:21:55,744 [INFO] IPUIPlugin:65 - create IPUIPlugin
2020-04-15 22:21:55,745 [INFO] PluginManager:200 - loadIPPluginJar : add ucpd
2020-04-15 22:21:55,751 [INFO] IPUIPlugin:65 - create IPUIPlugin
2020-04-15 22:21:55,752 [INFO] PluginManager:200 - loadIPPluginJar : add usart
2020-04-15 22:21:56,430 [INFO] BoardConnectionPanel:3472 - [DDR PANEL] STM32CubeIDE environment
2020-04-15 22:21:56,431 [INFO] MainDdrPanel:103 - [DDR PANEL] GETTER - cubeProgrammerPath is: null
2020-04-15 22:21:56,726 [FATAL] Updater:277 - Updater called before beeing initialized
2020-04-15 22:21:57,331 [FATAL] Updater:277 - Updater called before beeing initialized
2020-04-15 22:21:57,340 [INFO] PinOutPanel:1420 - setPackage(No Configuration,No Configuration)
2020-04-15 22:21:57,341 [FATAL] Updater:277 - Updater called before beeing initialized
2020-04-15 22:21:57,351 [INFO] BoardConnectionPanel:3472 - [DDR PANEL] STM32CubeIDE environment
2020-04-15 22:21:57,352 [INFO] MainDdrPanel:103 - [DDR PANEL] GETTER - cubeProgrammerPath is: C:\ST\STM32CubeIDE_1.2.0\STM32CubeIDE\plugins\com.st.stm32cube.ide.mcu.externaltools.cubeprogrammer.win32_1.3.0.202002181050\tools\bin
2020-04-15 22:21:57,364 [INFO] ProgrammerExecThread:148 - [ProgrammerAPI] CubeProgrammer command construction: C:\ST\STM32CubeIDE_1.2.0\STM32CubeIDE\plugins\com.st.stm32cube.ide.mcu.externaltools.cubeprogrammer.win32_1.3.0.202002181050\tools\bin\STM32_Programmer_CLI.exe -l
2020-04-15 22:21:57,916 [INFO] MainDdrPanel:93 - [DDR PANEL] SETTER - Set cubeProgrammerPath to: C:\ST\STM32CubeIDE_1.2.0\STM32CubeIDE\plugins\com.st.stm32cube.ide.mcu.externaltools.cubeprogrammer.win32_1.3.0.202002181050\tools\bin
2020-04-15 22:21:57,925 [INFO] Updater:886 - Updater Version found : 5.6.1
2020-04-15 22:21:57,944 [FATAL] Updater:277 - Updater called before beeing initialized
2020-04-15 22:21:57,944 [ERROR] IntegrityCheckThread:252 - Cannot obtain thirdParties list 21
2020-04-15 22:21:57,945 [ERROR] IntegrityCheckThread:100 - Unexpected exception IntegrityCheckThread Thread: Updater error
2020-04-15 22:21:57,947 [INFO] ThirdPartyDb:261 - Close Third Party DataBase File (C:/Users/nikod/.stm32cubemx/plugins/thirdparty/db/thirdparties_db.xml)
2020-04-15 22:21:57,957 [INFO] ApplicationProperties:181 - Using Application install path: C:\ST\STM32CubeIDE_1.2.0\STM32CubeIDE\plugins\com.st.stm32cube.common.mx_5.6.1.202004052303
2020-04-15 22:21:59,069 [INFO] MainUpdater:2230 - connection check result : 10
2020-04-15 22:21:59,070 [INFO] MainUpdater:236 - Updater Check For Update Now.
2020-04-15 22:21:59,071 [INFO] MicroXplorer:420 - Change Database Version : DB.5.0.60
2020-04-15 22:21:59,182 [INFO] CheckServerUpdateThread:92 - End of CheckServer Thread
2020-04-15 22:21:59,278 [INFO] MainUpdater:2230 - connection check result : 10
2020-04-15 22:21:59,279 [INFO] LogOutputStream:76 - [STDOUT_REDIRECT] Successfull proxy connection.
2020-04-15 22:21:59,469 [INFO] McuFinderGlobals:40 - Set McuFinder mode to 2 (CubeIDE integrated)
2020-04-15 22:21:59,506 [INFO] FinderPluginLoader:86 - Searching for filters in installed packs
2020-04-15 22:21:59,510 [INFO] DbMcusXml:110 - Load MCU database from C:\ST\STM32CubeIDE_1.2.0\STM32CubeIDE\plugins\com.st.stm32cube.common.mx_5.6.1.202004052303\\db\/mcu/families.xml
2020-04-15 22:22:01,280 [INFO] DbMcusJson:90 - JSON generation date=Wed Apr 15 00:54:18 COT 2020 (1586930058)
2020-04-15 22:22:03,098 [INFO] DbMcus:171 - Found 1670 MCUs (1625 are supported by CubeMX, 1625 are visible in CubeMX)
2020-04-15 22:22:03,099 [INFO] ApiDb:158 - Load user favorites file C:\Users\nikod/.stm32cubeide/favorites.mcus.txt: 0 item(s)
2020-04-15 22:22:03,100 [INFO] ApiDb:163 - User favorites MCUs=[]
2020-04-15 22:22:03,100 [INFO] DbMcus:183 - Set 0 / 0 favorites MCUs
2020-04-15 22:22:04,920 [INFO] DbMcusAds:143 - JSON generation date=Thu Mar 12 10:08:29 COT 2020 (1584025709)
2020-04-15 22:22:04,924 [INFO] LoadUrlFilesThread:161 - End of LoadServerUrlFiles without Thread
2020-04-15 22:22:04,999 [INFO] McuDetailPanel:181 - Set advertising image to C:/Users/nikod/STM32Cube/Repository/\STM32L4_MCUs_N4239S_big.jpg
2020-04-15 22:22:05,849 [INFO] McuFilterPanel:249 - Update 0 favorites MCUs
2020-04-15 22:22:06,140 [INFO] DbBoardsPdsc:92 - Found 22 items
2020-04-15 22:22:06,144 [INFO] DbBoardsPdsc:92 - Found 9 items
2020-04-15 22:22:06,152 [INFO] DbBoardsPdsc:92 - Found 28 items
2020-04-15 22:22:06,155 [INFO] DbBoardsPdsc:92 - Found 1 items
2020-04-15 22:22:06,167 [INFO] DbBoardsPdsc:92 - Found 40 items
2020-04-15 22:22:06,181 [INFO] DbBoardsPdsc:92 - Found 39 items
2020-04-15 22:22:06,184 [INFO] DbBoardsPdsc:92 - Found 2 items
2020-04-15 22:22:06,189 [INFO] DbBoardsPdsc:92 - Found 4 items
2020-04-15 22:22:06,201 [WARN] DbBoardsPdsc:256 - Board STM32H7B3I-DK: unknown feature type=Audio, name=, username=Audio stereo codec with Headphone Amp (CS42L51-CNZ), n=1
2020-04-15 22:22:06,201 [WARN] DbBoardsPdsc:256 - Board STM32H7B3I-DK: unknown feature type=WIFI, name=, username=WIFI 802.11 b/g/n, n=1
2020-04-15 22:22:06,206 [WARN] DbBoardsPdsc:256 - Board STM32H7B3I-EVAL: unknown feature type=Audio, name=, username=Multi-Channel Audio Codec (CS42L51-CNZ), n=1
2020-04-15 22:22:06,207 [WARN] DbBoardsPdsc:256 - Board STM32H7B3I-EVAL: unknown feature type=Meter, name=, username=Power-metering and Temperature-monitoring with sigma-delta modulators, n=1
2020-04-15 22:22:06,207 [WARN] DbBoardsPdsc:256 - Board STM32H7B3I-EVAL: unknown feature type=WIFI, name=, username=WIFI 802.11 a/b/g/n, n=1
2020-04-15 22:22:06,207 [WARN] DbBoardsPdsc:256 - Board STM32H7B3I-EVAL: unknown feature type=Motor, name=, username=Motor Control, n=1
2020-04-15 22:22:06,288 [INFO] DbBoardsJson:80 - JSON generation date=Tue Feb 11 08:53:55 COT 2020 (1581429235)
2020-04-15 22:22:06,304 [INFO] DbBoards:120 - Found 145 boards (142 are supported by CubeMX)
2020-04-15 22:22:06,316 [INFO] DbBoardsDocs:131 - JSON generation date=Wed Apr 15 00:54:18 COT 2020 (1586930058)
2020-04-15 22:22:06,338 [INFO] DbBoardsDocs:70 - Found 157 boards documents
2020-04-15 22:22:06,341 [WARN] DbBoards:130 - board NUCLEO-H743ZI2 has no document id list !
2020-04-15 22:22:06,342 [WARN] DbBoards:130 - board NUCLEO-L4P5ZG has no document id list !
2020-04-15 22:22:06,344 [WARN] DbBoards:130 - board P-NUCLEO-WB55-Nucleo has no document id list !
2020-04-15 22:22:06,344 [WARN] DbBoards:130 - board P-NUCLEO-WB55-USBDongle has no document id list !
2020-04-15 22:22:06,344 [WARN] DbBoards:130 - board NUCLEO-WB35CE has no document id list !
2020-04-15 22:22:06,345 [WARN] DbBoards:130 - board STM32F401C-DISCO has no document id list !
2020-04-15 22:22:06,346 [WARN] DbBoards:130 - board STM32F769I-DISC1 has no document id list !
2020-04-15 22:22:06,346 [WARN] DbBoards:152 - board STM32F723E-DISCO / document id not found: 4598
2020-04-15 22:22:06,347 [WARN] DbBoards:130 - board STM32L-DISCOVERY has no document id list !
2020-04-15 22:22:06,348 [WARN] DbBoards:152 - board STM32L496G-DISCO / document id not found: 4598
2020-04-15 22:22:06,349 [WARN] DbBoards:152 - board STM32H747I-DISCO / document id not found: 4598
2020-04-15 22:22:06,349 [WARN] DbBoards:130 - board STM32H747I-DISC1 has no document id list !
2020-04-15 22:22:06,349 [WARN] DbBoards:152 - board STM32H745I-DISCO / document id not found: 4598
2020-04-15 22:22:06,349 [WARN] DbBoards:152 - board STM32H750B-DK / document id not found: 4598
2020-04-15 22:22:06,350 [WARN] DbBoards:152 - board STM32H7B3I-DK / document id not found: 4598
2020-04-15 22:22:06,350 [WARN] DbBoards:152 - board STM32L4R9I-DISCO / document id not found: 4598
2020-04-15 22:22:06,350 [WARN] DbBoards:130 - board STM32MP157A-DK1 has no document id list !
2020-04-15 22:22:06,351 [WARN] DbBoards:152 - board STM32L562E-DK / document id not found: 4598
2020-04-15 22:22:06,351 [WARN] DbBoards:130 - board STM32L4P5G-DK has no document id list !
2020-04-15 22:22:06,351 [WARN] DbBoards:130 - board STM32091C-EVAL has no document id list !
2020-04-15 22:22:06,351 [WARN] DbBoards:130 - board STM3210C-EVAL has no document id list !
2020-04-15 22:22:06,372 [WARN] DbBoards:130 - board STM32100E-EVAL has no document id list !
2020-04-15 22:22:06,373 [WARN] DbBoards:130 - board STM3221G-EVAL has no document id list !
2020-04-15 22:22:06,374 [WARN] DbBoards:130 - board STM32303C-EVAL has no document id list !
2020-04-15 22:22:06,374 [WARN] DbBoards:130 - board STM32L152D-EVAL has no document id list !
2020-04-15 22:22:06,375 [WARN] DbBoards:130 - board STM32746G-EVAL2 has no document id list !
2020-04-15 22:22:06,375 [WARN] DbBoards:130 - board STM32F779I-EVAL has no document id list !
2020-04-15 22:22:06,376 [WARN] DbBoards:130 - board STM32479I-EVAL has no document id list !
2020-04-15 22:22:06,376 [WARN] DbBoards:130 - board STM32H743I-EVAL2 has no document id list !
2020-04-15 22:22:06,377 [WARN] DbBoards:152 - board STM32H7B3I-EVAL / document id not found: 4596
2020-04-15 22:22:06,377 [WARN] DbBoards:130 - board STM32H753I-EVAL2 has no document id list !
2020-04-15 22:22:06,378 [WARN] DbBoards:130 - board STM32G474E-EVAL1 has no document id list !
2020-04-15 22:22:06,378 [WARN] DbBoards:130 - board STEVAL-BFA001V1B has no document id list !
2020-04-15 22:22:06,379 [WARN] DbBoards:130 - board STEVAL-BFA001V2B has no document id list !
2020-04-15 22:22:06,379 [WARN] DbBoards:130 - board STEVAL-MKSBOX1V1 has no document id list !
2020-04-15 22:22:06,379 [WARN] DbBoards:130 - board STEVAL-STWINKT1 has no document id list !
2020-04-15 22:22:06,379 [WARN] DbBoards:130 - board STEVAL-IDP005V1 has no document id list !
2020-04-15 22:22:06,379 [WARN] DbBoards:130 - board STEVAL-IDP005V2 has no document id list !
2020-04-15 22:22:09,262 [INFO] ApiDb:158 - Load user favorites file C:\Users\nikod/.stm32cubeide/favorites.boards.txt: 0 item(s)
2020-04-15 22:22:09,263 [INFO] ApiDb:163 - User favorites Boards=[]
2020-04-15 22:22:09,263 [INFO] DbBoards:209 - Set 0 / 0 favorites Boards
2020-04-15 22:22:09,486 [INFO] LoadUrlFilesThread:161 - End of LoadServerUrlFiles without Thread
2020-04-15 22:22:09,487 [INFO] BoardDetailPanel:180 - Set advertising image to C:/Users/nikod/STM32Cube/Repository/\STM32L4_MCUs_N4239S_big.jpg
2020-04-15 22:22:09,549 [INFO] BoardFilterPanel:211 - Update 0 favorites Boards
2020-04-15 22:22:10,142 [INFO] CrossSelectorPresenter:1319 - Cross Selector saved comparison directory: C:\Users\nikod\.stmcufinder\plugins\mcufinder\mcu\cs_comparisons_mx
2020-04-15 22:23:48,773 [INFO] DbMcusDocs:142 - JSON generation date=Wed Apr 15 00:54:18 COT 2020 (1586930058)
2020-04-15 22:23:49,074 [INFO] DbMcusDocs:77 - Found 563 MCUs documents
2020-04-15 22:24:45,560 [INFO] LogOutputStream:76 - [STDOUT_REDIRECT] withoutVersionV1.8.0
2020-04-15 22:24:45,891 [INFO] LogOutputStream:76 - [STDOUT_REDIRECT] File copied successfully!!
2020-04-15 22:24:49,125 [INFO] MainUpdater:2230 - connection check result : 10
2020-04-15 22:24:49,190 [INFO] MicroXplorer:390 - Change Database Path : 
2020-04-15 22:24:49,191 [INFO] MicroXplorer:420 - Change Database Version : DB.5.0.60
2020-04-15 22:24:49,198 [INFO] PinOutPanel:1420 - setPackage(No Configuration,No Configuration)
2020-04-15 22:24:49,200 [INFO] UtilMem:74 - Begin LoadConfig() Used Memory: 576989984 Bytes (728760320)
2020-04-15 22:24:49,201 [INFO] MicroXplorer:390 - Change Database Path : 
2020-04-15 22:24:49,202 [INFO] MicroXplorer:420 - Change Database Version : DB.5.0.60
2020-04-15 22:24:49,202 [INFO] OpenFileManager:274 - Change cursor
2020-04-15 22:24:52,533 [INFO] ImportTextPane:162 - (OptionalMessage_ERROR) Unable to find key (Mcu.ThirdPartyNb) in loaded IOC file
2020-04-15 22:24:52,533 [INFO] ImportTextPane:162 - (OptionalMessage_ERROR) Unable to find key (Mcu.PinsNb) in loaded IOC file
2020-04-15 22:24:52,534 [INFO] ImportTextPane:162 - (OptionalMessage_ERROR) Unable to find key (Mcu.IPNb) in loaded IOC file
2020-04-15 22:24:52,878 [INFO] UtilMem:74 - End LoadConfig() Used Memory: 522301856 Bytes (797966336)
2020-04-15 22:24:52,911 [INFO] ThirdPartyDb:295 - Open Third Party DataBase File (C:/Users/nikod/.stm32cubemx/plugins/thirdparty/db/thirdparties_db.xml) : 15 ms. number of Sw pack : 16
2020-04-15 22:24:52,948 [INFO] DependencyParser:785 - This component is not compatible with the current MCU : [1581092787919]
2020-04-15 22:24:52,949 [INFO] ThirdPartyModel:521 - Component with status : MCU_INCOMPATIBLE for condition : OS Tick GTIM id : 1581092787246
2020-04-15 22:24:52,951 [INFO] DependencyParser:785 - This component is not compatible with the current MCU : [1581092790495, 1581092788002]
2020-04-15 22:24:53,163 [INFO] ThirdParty:899 - CMSIS Pack Vendor :STMicroelectronics X-CUBE-BLE1 5.0.0
2020-04-15 22:24:53,163 [INFO] ThirdParty:899 - CMSIS Pack Vendor :STMicroelectronics X-CUBE-SUBG2 1.1.0
2020-04-15 22:24:53,163 [INFO] ThirdParty:899 - CMSIS Pack Vendor :STMicroelectronics X-CUBE-GNSS1 4.1.0
2020-04-15 22:24:53,163 [INFO] ThirdParty:899 - CMSIS Pack Vendor :STMicroelectronics X-CUBE-SUBG2 1.0.0
2020-04-15 22:24:53,164 [INFO] ThirdParty:899 - CMSIS Pack Vendor :ARM CMSIS 5.6.0
2020-04-15 22:24:53,164 [INFO] ThirdParty:899 - CMSIS Pack Vendor :STMicroelectronics X-CUBE-GNSS1 4.0.0
2020-04-15 22:24:53,164 [INFO] ThirdParty:899 - CMSIS Pack Vendor :STMicroelectronics X-CUBE-NFC4 1.5.1
2020-04-15 22:24:53,164 [INFO] ThirdParty:899 - CMSIS Pack Vendor :STMicroelectronics FreeRTOS 0.0.1
2020-04-15 22:24:53,164 [INFO] ThirdParty:899 - CMSIS Pack Vendor :STMicroelectronics X-CUBE-ALGOBUILD 1.0.0
2020-04-15 22:24:53,164 [INFO] ThirdParty:899 - CMSIS Pack Vendor :STMicroelectronics X-CUBE-BLE1 4.4.0
2020-04-15 22:24:53,165 [INFO] ThirdParty:899 - CMSIS Pack Vendor :STMicroelectronics X-CUBE-MEMS1 7.0.0
2020-04-15 22:24:53,165 [INFO] ThirdParty:899 - CMSIS Pack Vendor :STMicroelectronics X-CUBE-NFC4 1.5.2
2020-04-15 22:24:53,165 [INFO] ThirdParty:899 - CMSIS Pack Vendor :STMicroelectronics X-CUBE-MEMS1 7.1.0
2020-04-15 22:24:53,165 [INFO] ThirdParty:899 - CMSIS Pack Vendor :STMicroelectronics X-CUBE-BLE2 1.0.0
2020-04-15 22:24:53,522 [INFO] PinOutPanel:1420 - setPackage(No Configuration,No Configuration)
2020-04-15 22:24:53,525 [INFO] PinOutPanel:1420 - setPackage(STM32F103C8Tx,LQFP48)
2020-04-15 22:24:54,309 [INFO] UtilMem:74 - Before build in PCC Used Memory: 324418816 Bytes (797966336)
2020-04-15 22:24:55,205 [INFO] SharedServices:71 - Folder for power plug-in: C:/Users/nikod/.stm32cubemx/plugins/power
2020-04-15 22:24:55,300 [INFO] SharedServices:71 - Folder for power plug-in: C:/Users/nikod/.stm32cubemx/plugins/power
2020-04-15 22:24:55,400 [INFO] SharedServices:71 - Folder for power plug-in: C:/Users/nikod/.stm32cubemx/plugins/power
2020-04-15 22:24:55,409 [INFO] SharedServices:71 - Folder for power plug-in: C:/Users/nikod/.stm32cubemx/plugins/power
2020-04-15 22:24:55,824 [INFO] UtilMem:74 - After build in PCC Used Memory: 381041920 Bytes (797966336)
2020-04-15 22:24:55,861 [INFO] IPUIPlugin:65 - create IPUIPlugin
2020-04-15 22:24:55,862 [INFO] IPUIPlugin:65 - create IPUIPlugin
2020-04-15 22:24:55,862 [INFO] IPUIPlugin:65 - create IPUIPlugin
2020-04-15 22:24:55,863 [INFO] IPUIPlugin:65 - create IPUIPlugin
2020-04-15 22:24:55,863 [INFO] IPUIPlugin:65 - create IPUIPlugin
2020-04-15 22:24:55,863 [INFO] IPUIPlugin:65 - create IPUIPlugin
2020-04-15 22:24:55,864 [INFO] IPUIPlugin:65 - create IPUIPlugin
2020-04-15 22:24:55,864 [INFO] IPUIPlugin:65 - create IPUIPlugin
2020-04-15 22:24:55,865 [INFO] IPUIPlugin:65 - create IPUIPlugin
2020-04-15 22:24:55,865 [INFO] IPUIPlugin:65 - create IPUIPlugin
2020-04-15 22:24:55,865 [INFO] IPUIPlugin:65 - create IPUIPlugin
2020-04-15 22:24:55,866 [INFO] IPUIPlugin:65 - create IPUIPlugin
2020-04-15 22:24:55,866 [INFO] IPUIPlugin:65 - create IPUIPlugin
2020-04-15 22:24:55,867 [INFO] IPUIPlugin:65 - create IPUIPlugin
2020-04-15 22:24:55,867 [INFO] IPUIPlugin:65 - create IPUIPlugin
2020-04-15 22:24:55,868 [INFO] IPUIPlugin:65 - create IPUIPlugin
2020-04-15 22:24:55,868 [INFO] IPUIPlugin:65 - create IPUIPlugin
2020-04-15 22:24:55,869 [INFO] IPUIPlugin:65 - create IPUIPlugin
2020-04-15 22:24:55,870 [INFO] IPUIPlugin:65 - create IPUIPlugin
2020-04-15 22:24:55,870 [INFO] IPUIPlugin:65 - create IPUIPlugin
2020-04-15 22:24:55,871 [INFO] IPUIPlugin:65 - create IPUIPlugin
2020-04-15 22:24:55,871 [INFO] IPUIPlugin:65 - create IPUIPlugin
2020-04-15 22:24:55,872 [INFO] IPUIPlugin:65 - create IPUIPlugin
2020-04-15 22:24:55,872 [INFO] IPUIPlugin:65 - create IPUIPlugin
2020-04-15 22:24:55,873 [INFO] IPUIPlugin:65 - create IPUIPlugin
2020-04-15 22:24:55,873 [INFO] IPUIPlugin:65 - create IPUIPlugin
2020-04-15 22:24:55,874 [INFO] IPUIPlugin:65 - create IPUIPlugin
2020-04-15 22:24:55,925 [INFO] LogOutputStream:76 - [STDOUT_REDIRECT] toolchainItems.length=====1
2020-04-15 22:24:56,175 [INFO] OpenFileManager:294 - Restore cursor
2020-04-15 22:24:56,683 [INFO] UtilMem:74 - End SaveConfig() Used Memory: 408831224 Bytes (797966336)
2020-04-15 22:24:56,923 [INFO] UtilMem:74 - End SaveConfig() Used Memory: 414074104 Bytes (797966336)
2020-04-15 22:24:57,902 [INFO] BlockDiagram:2671 - set Specific Code input for plugin: NVIC
2020-04-15 22:24:57,902 [INFO] BlockDiagram:2671 - set Specific Code input for plugin: SYS
2020-04-15 22:24:57,905 [INFO] CodeGenerator:603 - code generatio: config db path: C:\ST\STM32CubeIDE_1.2.0\STM32CubeIDE\plugins\com.st.stm32cube.common.mx_5.6.1.202004052303\\db\
2020-04-15 22:24:58,675 [INFO] CodeEngine:188 - oldGeneratedFile, C:\Users\nikod\Documents\Tesis\CodigoMota\Cotenedor_Inteligente\MXTmpFiles\license.tmp_save
2020-04-15 22:24:59,372 [INFO] CodeEngine:206 - Generated code: C:\Users\nikod\Documents\Tesis\CodigoMota\Cotenedor_Inteligente\MXTmpFiles\license.tmp
2020-04-15 22:24:59,530 [INFO] LogOutputStream:76 - [STDOUT_REDIRECT] Debug : prepare data for NVIC
2020-04-15 22:24:59,532 [INFO] LogOutputStream:76 - [STDOUT_REDIRECT] Command line test
2020-04-15 22:24:59,598 [INFO] CodeEngine:188 - oldGeneratedFile, C:\Users\nikod\Documents\Tesis\CodigoMota\Cotenedor_Inteligente\Core\Src\stm32f1xx_it.c_save
2020-04-15 22:24:59,939 [INFO] CodeEngine:206 - Generated code: C:\Users\nikod\Documents\Tesis\CodigoMota\Cotenedor_Inteligente\Core\Src\stm32f1xx_it.c
2020-04-15 22:24:59,993 [INFO] CodeEngine:188 - oldGeneratedFile, C:\Users\nikod\Documents\Tesis\CodigoMota\Cotenedor_Inteligente\Core\Inc\stm32f1xx_it.h_save
2020-04-15 22:25:00,199 [INFO] CodeEngine:206 - Generated code: C:\Users\nikod\Documents\Tesis\CodigoMota\Cotenedor_Inteligente\Core\Inc\stm32f1xx_it.h
2020-04-15 22:25:00,277 [INFO] CodeEngine:188 - oldGeneratedFile, C:\Users\nikod\Documents\Tesis\CodigoMota\Cotenedor_Inteligente\Core\Src\stm32f1xx_hal_msp.c_save
2020-04-15 22:25:00,592 [INFO] CodeEngine:206 - Generated code: C:\Users\nikod\Documents\Tesis\CodigoMota\Cotenedor_Inteligente\Core\Src\stm32f1xx_hal_msp.c
2020-04-15 22:25:00,658 [INFO] CodeEngine:188 - oldGeneratedFile, C:\Users\nikod\Documents\Tesis\CodigoMota\Cotenedor_Inteligente\MXTmpFiles\system.tmp_save
2020-04-15 22:25:00,836 [INFO] CodeEngine:206 - Generated code: C:\Users\nikod\Documents\Tesis\CodigoMota\Cotenedor_Inteligente\MXTmpFiles\system.tmp
2020-04-15 22:25:00,900 [INFO] CodeEngine:188 - oldGeneratedFile, C:\Users\nikod\Documents\Tesis\CodigoMota\Cotenedor_Inteligente\Core\Inc\stm32f1xx_hal_conf.h_save
2020-04-15 22:25:01,148 [INFO] CodeEngine:206 - Generated code: C:\Users\nikod\Documents\Tesis\CodigoMota\Cotenedor_Inteligente\Core\Inc\stm32f1xx_hal_conf.h
2020-04-15 22:25:01,233 [INFO] CodeEngine:188 - oldGeneratedFile, C:\Users\nikod\Documents\Tesis\CodigoMota\Cotenedor_Inteligente\Core\Inc\main.h_save
2020-04-15 22:25:01,460 [INFO] CodeEngine:206 - Generated code: C:\Users\nikod\Documents\Tesis\CodigoMota\Cotenedor_Inteligente\Core\Inc\main.h
2020-04-15 22:25:01,536 [INFO] CodeEngine:188 - oldGeneratedFile, C:\Users\nikod\Documents\Tesis\CodigoMota\Cotenedor_Inteligente\Core\Src\main.c_save
2020-04-15 22:25:01,805 [INFO] CodeEngine:206 - Generated code: C:\Users\nikod\Documents\Tesis\CodigoMota\Cotenedor_Inteligente\Core\Src\main.c
2020-04-15 22:25:04,211 [INFO] ProjectBuilder:2002 - Time for Copy HAL[1] : 325mS.
2020-04-15 22:25:04,223 [INFO] ProjectBuilder:2727 - Project Generator version: 3.7.1
2020-04-15 22:25:05,231 [INFO] ConfigFileManager:1066 - The Die is : DIE410
2020-04-15 22:25:21,174 [INFO] ProjectBuilder:2894 - Time for Generating toolchain IDE Files: 16951mS.
2020-04-15 22:25:21,175 [INFO] ProjectBuilder:1878 - Time for Copy CMSIS : 1mS.
2020-04-15 22:25:21,180 [INFO] ProjectBuilder:1878 - Time for Copy CMSIS : 0mS.
2020-04-15 22:27:09,672 [INFO] MainUpdater:2230 - connection check result : 10
2020-04-15 22:27:09,752 [INFO] MicroXplorer:390 - Change Database Path : 
2020-04-15 22:27:09,753 [INFO] MicroXplorer:420 - Change Database Version : DB.5.0.60
2020-04-15 22:27:09,758 [INFO] PinOutPanel:1420 - setPackage(No Configuration,No Configuration)
2020-04-15 22:27:09,763 [INFO] UtilMem:74 - Begin LoadConfig() Used Memory: 473836128 Bytes (901775360)
2020-04-15 22:27:09,764 [INFO] MicroXplorer:390 - Change Database Path : 
2020-04-15 22:27:09,764 [INFO] MicroXplorer:420 - Change Database Version : DB.5.0.60
2020-04-15 22:27:09,765 [INFO] OpenFileManager:274 - Change cursor
2020-04-15 22:27:09,783 [INFO] RulesReader:52 - Compatibility file has been processed (208 Rules)
2020-04-15 22:27:11,376 [INFO] ImportTextPane:162 - (OptionalMessage_ERROR) IP (RCC) : Parameter (ADCFreqValue) has invalid value (24000000)
2020-04-15 22:27:11,377 [INFO] ImportTextPane:162 - (OptionalMessage_ERROR) IP (RCC) : Invalid parameter (FamilyName)
2020-04-15 22:27:11,586 [INFO] UtilMem:74 - End LoadConfig() Used Memory: 527839848 Bytes (901775360)
2020-04-15 22:27:11,591 [INFO] DependencyParser:785 - This component is not compatible with the current MCU : [1581092787919]
2020-04-15 22:27:11,592 [INFO] ThirdPartyModel:521 - Component with status : MCU_INCOMPATIBLE for condition : OS Tick GTIM id : 1581092787246
2020-04-15 22:27:11,594 [INFO] DependencyParser:785 - This component is not compatible with the current MCU : [1581092790495, 1581092788002]
2020-04-15 22:27:11,768 [INFO] ThirdParty:899 - CMSIS Pack Vendor :STMicroelectronics X-CUBE-BLE1 5.0.0
2020-04-15 22:27:11,769 [INFO] ThirdParty:899 - CMSIS Pack Vendor :STMicroelectronics X-CUBE-SUBG2 1.1.0
2020-04-15 22:27:11,769 [INFO] ThirdParty:899 - CMSIS Pack Vendor :STMicroelectronics X-CUBE-GNSS1 4.1.0
2020-04-15 22:27:11,769 [INFO] ThirdParty:899 - CMSIS Pack Vendor :STMicroelectronics X-CUBE-SUBG2 1.0.0
2020-04-15 22:27:11,769 [INFO] ThirdParty:899 - CMSIS Pack Vendor :ARM CMSIS 5.6.0
2020-04-15 22:27:11,769 [INFO] ThirdParty:899 - CMSIS Pack Vendor :STMicroelectronics X-CUBE-GNSS1 4.0.0
2020-04-15 22:27:11,769 [INFO] ThirdParty:899 - CMSIS Pack Vendor :STMicroelectronics X-CUBE-NFC4 1.5.1
2020-04-15 22:27:11,770 [INFO] ThirdParty:899 - CMSIS Pack Vendor :STMicroelectronics FreeRTOS 0.0.1
2020-04-15 22:27:11,770 [INFO] ThirdParty:899 - CMSIS Pack Vendor :STMicroelectronics X-CUBE-ALGOBUILD 1.0.0
2020-04-15 22:27:11,770 [INFO] ThirdParty:899 - CMSIS Pack Vendor :STMicroelectronics X-CUBE-BLE1 4.4.0
2020-04-15 22:27:11,770 [INFO] ThirdParty:899 - CMSIS Pack Vendor :STMicroelectronics X-CUBE-MEMS1 7.0.0
2020-04-15 22:27:11,770 [INFO] ThirdParty:899 - CMSIS Pack Vendor :STMicroelectronics X-CUBE-NFC4 1.5.2
2020-04-15 22:27:11,770 [INFO] ThirdParty:899 - CMSIS Pack Vendor :STMicroelectronics X-CUBE-MEMS1 7.1.0
2020-04-15 22:27:11,770 [INFO] ThirdParty:899 - CMSIS Pack Vendor :STMicroelectronics X-CUBE-BLE2 1.0.0
2020-04-15 22:27:11,941 [INFO] PinOutPanel:1420 - setPackage(No Configuration,No Configuration)
2020-04-15 22:27:11,943 [INFO] PinOutPanel:1420 - setPackage(STM32F103C8Tx,LQFP48)
2020-04-15 22:27:12,291 [INFO] UtilMem:74 - Before build in PCC Used Memory: 669169104 Bytes (901775360)
2020-04-15 22:27:12,701 [INFO] SharedServices:71 - Folder for power plug-in: C:/Users/nikod/.stm32cubemx/plugins/power
2020-04-15 22:27:12,805 [INFO] SharedServices:71 - Folder for power plug-in: C:/Users/nikod/.stm32cubemx/plugins/power
2020-04-15 22:27:12,888 [INFO] SharedServices:71 - Folder for power plug-in: C:/Users/nikod/.stm32cubemx/plugins/power
2020-04-15 22:27:12,893 [INFO] SharedServices:71 - Folder for power plug-in: C:/Users/nikod/.stm32cubemx/plugins/power
2020-04-15 22:27:12,989 [INFO] UtilMem:74 - After build in PCC Used Memory: 711112144 Bytes (901775360)
2020-04-15 22:27:13,016 [INFO] IPUIPlugin:65 - create IPUIPlugin
2020-04-15 22:27:13,017 [INFO] IPUIPlugin:65 - create IPUIPlugin
2020-04-15 22:27:13,018 [INFO] IPUIPlugin:65 - create IPUIPlugin
2020-04-15 22:27:13,018 [INFO] IPUIPlugin:65 - create IPUIPlugin
2020-04-15 22:27:13,018 [INFO] IPUIPlugin:65 - create IPUIPlugin
2020-04-15 22:27:13,019 [INFO] IPUIPlugin:65 - create IPUIPlugin
2020-04-15 22:27:13,019 [INFO] IPUIPlugin:65 - create IPUIPlugin
2020-04-15 22:27:13,019 [INFO] IPUIPlugin:65 - create IPUIPlugin
2020-04-15 22:27:13,020 [INFO] IPUIPlugin:65 - create IPUIPlugin
2020-04-15 22:27:13,020 [INFO] IPUIPlugin:65 - create IPUIPlugin
2020-04-15 22:27:13,020 [INFO] IPUIPlugin:65 - create IPUIPlugin
2020-04-15 22:27:13,021 [INFO] IPUIPlugin:65 - create IPUIPlugin
2020-04-15 22:27:13,021 [INFO] IPUIPlugin:65 - create IPUIPlugin
2020-04-15 22:27:13,022 [INFO] IPUIPlugin:65 - create IPUIPlugin
2020-04-15 22:27:13,022 [INFO] IPUIPlugin:65 - create IPUIPlugin
2020-04-15 22:27:13,022 [INFO] IPUIPlugin:65 - create IPUIPlugin
2020-04-15 22:27:13,023 [INFO] IPUIPlugin:65 - create IPUIPlugin
2020-04-15 22:27:13,023 [INFO] IPUIPlugin:65 - create IPUIPlugin
2020-04-15 22:27:13,023 [INFO] IPUIPlugin:65 - create IPUIPlugin
2020-04-15 22:27:13,024 [INFO] IPUIPlugin:65 - create IPUIPlugin
2020-04-15 22:27:13,024 [INFO] IPUIPlugin:65 - create IPUIPlugin
2020-04-15 22:27:13,024 [INFO] IPUIPlugin:65 - create IPUIPlugin
2020-04-15 22:27:13,025 [INFO] IPUIPlugin:65 - create IPUIPlugin
2020-04-15 22:27:13,025 [INFO] IPUIPlugin:65 - create IPUIPlugin
2020-04-15 22:27:13,025 [INFO] IPUIPlugin:65 - create IPUIPlugin
2020-04-15 22:27:13,026 [INFO] IPUIPlugin:65 - create IPUIPlugin
2020-04-15 22:27:13,027 [INFO] IPUIPlugin:65 - create IPUIPlugin
2020-04-15 22:27:13,098 [INFO] OpenFileManager:294 - Restore cursor
